<?xml version="1.0" encoding="UTF-8"?>
<!-- Generated by org.testng.reporters.JUnitReportReporter -->
<testsuite hostname="nithesh-PC" failures="0" tests="2" name="testcases.PhotoGallery" time="41.998" errors="0" timestamp="2021-11-14T15:13:15 IST" skipped="0">
  <testcase classname="testcases.PhotoGallery" name="paginationAndImageTest" time="28.419"/>
  <system-out/>
  <testcase classname="testcases.PhotoGallery" name="PaginationTest" time="13.579"/>
  <system-out/>
</testsuite> <!-- testcases.PhotoGallery -->
