<?xml version="1.0" encoding="UTF-8"?>
<!-- Generated by org.testng.reporters.JUnitReportReporter -->
<testsuite hostname="nithesh-PC" failures="0" tests="3" name="testcases.Publication" time="82.740" errors="0" timestamp="2021-11-14T15:13:15 IST" skipped="0">
  <testcase classname="testcases.Publication" name="DocumentAvailabilityTest" time="24.254"/>
  <system-out/>
  <testcase classname="testcases.Publication" name="PublicationDocumentVisibilityTest" time="25.230"/>
  <system-out/>
  <testcase classname="testcases.Publication" name="ValidUrlTest" time="33.256"/>
  <system-out/>
</testsuite> <!-- testcases.Publication -->
