<?xml version="1.0" encoding="UTF-8"?>
<!-- Generated by org.testng.reporters.JUnitReportReporter -->
<testsuite hostname="nithesh-PC" failures="0" tests="1" name="testcases.MakeInIndia" time="34.995" errors="0" timestamp="2021-11-14T15:13:15 IST" skipped="0">
  <testcase classname="testcases.MakeInIndia" name="ValidNaviagtionTest" time="34.995"/>
  <system-out/>
</testsuite> <!-- testcases.MakeInIndia -->
