<?xml version="1.0" encoding="UTF-8"?>
<!-- Generated by org.testng.reporters.JUnitReportReporter -->
<testsuite hostname="nithesh-PC" failures="0" tests="1" name="testcases.Leaders" time="39.262" errors="0" timestamp="2021-11-14T15:13:15 IST" skipped="0">
  <testcase classname="testcases.Leaders" name="LinkTest" time="39.262"/>
  <system-out/>
</testsuite> <!-- testcases.Leaders -->
