<?xml version="1.0" encoding="UTF-8"?>
<!-- Generated by org.testng.reporters.JUnitReportReporter -->
<testsuite hostname="nithesh-PC" failures="0" tests="2" name="testcases.Tender" time="79.320" errors="0" timestamp="2021-11-14T15:13:15 IST" skipped="0">
  <testcase classname="testcases.Tender" name="DocumentDownloadTest" time="55.598"/>
  <system-out/>
  <testcase classname="testcases.Tender" name="DocumenVisibilityTest" time="23.722"/>
  <system-out/>
</testsuite> <!-- testcases.Tender -->
