<?xml version="1.0" encoding="UTF-8"?>
<!-- Generated by org.testng.reporters.JUnitReportReporter -->
<testsuite hostname="nithesh-PC" failures="0" tests="1" name="testcases.MakeInIndia" time="27.928" errors="0" timestamp="2021-11-14T17:56:57 IST" skipped="0">
  <testcase classname="testcases.MakeInIndia" name="ValidNaviagtionTest" time="27.928"/>
  <system-out/>
</testsuite> <!-- testcases.MakeInIndia -->
