<?xml version="1.0" encoding="UTF-8"?>
<!-- Generated by org.testng.reporters.JUnitReportReporter -->
<testsuite hostname="nithesh-PC" failures="0" tests="2" name="testcases.Tender" time="68.674" errors="0" timestamp="2021-11-14T17:56:57 IST" skipped="0">
  <testcase classname="testcases.Tender" name="DocumentDownloadTest" time="48.768"/>
  <system-out/>
  <testcase classname="testcases.Tender" name="DocumenVisibilityTest" time="19.906"/>
  <system-out/>
</testsuite> <!-- testcases.Tender -->
